<?xml version="1.0" encoding="UTF-8"?>
<testng-results skipped="0" failed="0" total="1" passed="1">
  <reporter-output>
  </reporter-output>
  <suite name="Default suite" duration-ms="21611" started-at="2018-08-02T12:57:02Z" finished-at="2018-08-02T12:57:24Z">
    <groups>
    </groups>
    <test name="Default test" duration-ms="21611" started-at="2018-08-02T12:57:02Z" finished-at="2018-08-02T12:57:24Z">
      <class name="com.capita.FcbkPomPrjct">
        <test-method status="PASS" signature="SetUp()[pri:0, instance:com.capita.FcbkPomPrjct@d8355a8]" name="SetUp" is-config="true" duration-ms="20062" started-at="2018-08-02T18:27:02Z" finished-at="2018-08-02T18:27:22Z">
          <reporter-output>
          </reporter-output>
        </test-method> <!-- SetUp -->
        <test-method status="PASS" signature="Callingmeth()[pri:0, instance:com.capita.FcbkPomPrjct@d8355a8]" name="Callingmeth" duration-ms="1509" started-at="2018-08-02T18:27:22Z" finished-at="2018-08-02T18:27:24Z">
          <reporter-output>
          </reporter-output>
        </test-method> <!-- Callingmeth -->
        <test-method status="PASS" signature="Closedr()[pri:0, instance:com.capita.FcbkPomPrjct@d8355a8]" name="Closedr" is-config="true" duration-ms="16" started-at="2018-08-02T18:27:24Z" finished-at="2018-08-02T18:27:24Z">
          <reporter-output>
          </reporter-output>
        </test-method> <!-- Closedr -->
      </class> <!-- com.capita.FcbkPomPrjct -->
    </test> <!-- Default test -->
  </suite> <!-- Default suite -->
</testng-results>
